<?xml version="1.0" encoding="UTF-8"?>
<robot generator="Robot 4.1.3 (Python 3.10.2 on win32)" generated="20220209 14:31:27.644" rpa="false" schemaversion="2">
<suite id="s1" name="Robotic Project" source="C:\Users\Ramesh\Desktop\robotic project">
<suite id="s1-s1" name="Selenium Suit" source="C:\Users\Ramesh\Desktop\robotic project\selenium_suit">
<suite id="s1-s1-s1" name="Nascom" source="C:\Users\Ramesh\Desktop\robotic project\selenium_suit\nascom.robot">
<test id="s1-s1-s1-t1" name="TC1 Valid Login">
<kw name="Open Browser" library="SeleniumLibrary">
<arg>url=https://nasscom.in/about-us/career</arg>
<arg>browser=edge</arg>
<arg>executable_path=${EXECDIR}\\drivers\\msedgedriver.exe</arg>
<doc>Opens a new browser instance to the optional ``url``.</doc>
<msg timestamp="20220209 14:31:28.622" level="INFO">Opening browser 'edge' to base url 'https://nasscom.in/about-us/career'.</msg>
<status status="PASS" starttime="20220209 14:31:28.621" endtime="20220209 14:31:46.094"/>
</kw>
<kw name="Maximize Browser Window" library="SeleniumLibrary">
<doc>Maximizes current browser window.</doc>
<status status="PASS" starttime="20220209 14:31:46.095" endtime="20220209 14:31:46.230"/>
</kw>
<kw name="Set Selenium Implicit Wait" library="SeleniumLibrary">
<arg>30s</arg>
<doc>Sets the implicit wait value used by Selenium.</doc>
<status status="PASS" starttime="20220209 14:31:46.232" endtime="20220209 14:31:46.241"/>
</kw>
<kw name="Click Element" library="SeleniumLibrary">
<arg>xpath=//*[@id="member-form"]/div/div/a</arg>
<doc>Click the element identified by ``locator``.</doc>
<msg timestamp="20220209 14:31:46.244" level="INFO">Clicking element 'xpath=//*[@id="member-form"]/div/div/a'.</msg>
<status status="PASS" starttime="20220209 14:31:46.242" endtime="20220209 14:31:46.497"/>
</kw>
<kw name="Input Text" library="SeleniumLibrary">
<arg>id=edit-field-fname-reg admin</arg>
<doc>Types the given ``text`` into the text field identified by ``locator``.</doc>
<msg timestamp="20220209 14:31:46.498" level="FAIL">Keyword 'SeleniumLibrary.Input Text' expected 2 to 3 arguments, got 1.</msg>
<status status="FAIL" starttime="20220209 14:31:46.498" endtime="20220209 14:31:46.498"/>
</kw>
<kw name="Input Text" library="SeleniumLibrary">
<arg>id=edit-field-lname pass</arg>
<doc>Types the given ``text`` into the text field identified by ``locator``.</doc>
<status status="NOT RUN" starttime="20220209 14:31:46.498" endtime="20220209 14:31:46.498"/>
</kw>
<kw name="Input Text" library="SeleniumLibrary">
<arg>id=edit-mail</arg>
<arg>admin@gmail.com</arg>
<doc>Types the given ``text`` into the text field identified by ``locator``.</doc>
<status status="NOT RUN" starttime="20220209 14:31:46.498" endtime="20220209 14:31:46.499"/>
</kw>
<kw name="Input Text" library="SeleniumLibrary">
<arg>id=edit-field-company-name-registration</arg>
<arg>Google</arg>
<doc>Types the given ``text`` into the text field identified by ``locator``.</doc>
<status status="NOT RUN" starttime="20220209 14:31:46.499" endtime="20220209 14:31:46.499"/>
</kw>
<kw name="Click Element" library="SeleniumLibrary">
<arg>xpath=//select[@id='edit-field-business-focus-reg']/option[@value='51']</arg>
<doc>Click the element identified by ``locator``.</doc>
<status status="NOT RUN" starttime="20220209 14:31:46.499" endtime="20220209 14:31:46.499"/>
</kw>
<kw name="Click Element" library="SeleniumLibrary">
<arg>id=edit-submit--2</arg>
<doc>Click the element identified by ``locator``.</doc>
<status status="NOT RUN" starttime="20220209 14:31:46.499" endtime="20220209 14:31:46.499"/>
</kw>
<status status="FAIL" starttime="20220209 14:31:28.620" endtime="20220209 14:31:46.500">Keyword 'SeleniumLibrary.Input Text' expected 2 to 3 arguments, got 1.</status>
</test>
<status status="FAIL" starttime="20220209 14:31:27.739" endtime="20220209 14:31:46.501"/>
</suite>
<status status="FAIL" starttime="20220209 14:31:27.735" endtime="20220209 14:31:46.506"/>
</suite>
<status status="FAIL" starttime="20220209 14:31:27.649" endtime="20220209 14:31:46.508"/>
</suite>
<statistics>
<total>
<stat pass="0" fail="1" skip="0">All Tests</stat>
</total>
<tag>
</tag>
<suite>
<stat pass="0" fail="1" skip="0" id="s1" name="Robotic Project">Robotic Project</stat>
<stat pass="0" fail="1" skip="0" id="s1-s1" name="Selenium Suit">Robotic Project.Selenium Suit</stat>
<stat pass="0" fail="1" skip="0" id="s1-s1-s1" name="Nascom">Robotic Project.Selenium Suit.Nascom</stat>
</suite>
</statistics>
<errors>
</errors>
</robot>
