<?xml version="1.0" encoding="UTF-8"?>
<robot generator="Robot 4.1.3 (Python 3.10.2 on win32)" generated="20220210 14:03:45.194" rpa="false" schemaversion="2">
<suite id="s1" name="Robotic Project" source="C:\Users\Ramesh\Desktop\robotic project">
<suite id="s1-s1" name="Selenium Suit" source="C:\Users\Ramesh\Desktop\robotic project\selenium_suit">
<suite id="s1-s1-s1" name="Nasscom Membership" source="C:\Users\Ramesh\Desktop\robotic project\selenium_suit\nasscom_membership.robot">
<test id="s1-s1-s1-t1" name="TC1">
<kw name="Append To Environment Variable" library="OperatingSystem">
<arg>path</arg>
<arg>${EXECDIR}\\drivers</arg>
<doc>Appends given ``values`` to environment variable ``name``.</doc>
<msg timestamp="20220210 14:03:45.959" level="INFO">Environment variable 'path' set to value 'C:\Program Files\Python310\Scripts\;C:\Program Files\Python310\;C:\Program Files (x86)\Common Files\Oracle\Java\javapath;C:\oraclexe\app\oracle\product\11.2.0\server\bin;C:\ProgramData\Oracle\Java\javapath;C:\WINDOWS\system32;C:\WINDOWS;C:\WINDOWS\System32\Wbem;C:\WINDOWS\System32\WindowsPowerShell\v1.0\;C:\WINDOWS\System32\OpenSSH\;C:\Program Files (x86)\Microsoft SQL Server\100\Tools\Binn\;C:\Program Files\Microsoft SQL Server\100\Tools\Binn\;C:\Program Files\Microsoft SQL Server\100\DTS\Binn\;C:\Program Files (x86)\Microsoft SQL Server\90\Tools\binn\;C:\java\jdk1.8.0_291\bin;C:\java\jdk1.8.0_291\bin;C:\Program Files\Git\cmd;C:\Users\Ramesh\AppData\Local\Programs\Python\Python310\Scripts\;C:\Users\Ramesh\AppData\Local\Programs\Python\Python310\;C:\Program Files\Java\jdk1.8.0_321\bin;C:\Program Files\JetBrains\PyCharm Community Edition 2021.3.2\bin;;C:\Users\Ramesh\Desktop\robotic project\drivers'.</msg>
<status status="PASS" starttime="20220210 14:03:45.959" endtime="20220210 14:03:45.960"/>
</kw>
<kw name="Open Browser" library="SeleniumLibrary">
<arg>url=https://nasscom.in/nasscom-membership</arg>
<arg>browser=edge</arg>
<doc>Opens a new browser instance to the optional ``url``.</doc>
<msg timestamp="20220210 14:03:45.960" level="INFO">Opening browser 'edge' to base url 'https://nasscom.in/nasscom-membership'.</msg>
<status status="PASS" starttime="20220210 14:03:45.960" endtime="20220210 14:04:35.421"/>
</kw>
<kw name="Maximize Browser Window" library="SeleniumLibrary">
<doc>Maximizes current browser window.</doc>
<status status="PASS" starttime="20220210 14:04:35.423" endtime="20220210 14:04:35.750"/>
</kw>
<kw name="Set Selenium Implicit Wait" library="SeleniumLibrary">
<arg>5s</arg>
<doc>Sets the implicit wait value used by Selenium.</doc>
<status status="PASS" starttime="20220210 14:04:35.751" endtime="20220210 14:04:35.755"/>
</kw>
<kw name="Click Element" library="SeleniumLibrary">
<arg>xpath=//label[text()='Institutional Members ']</arg>
<doc>Click the element identified by ``locator``.</doc>
<msg timestamp="20220210 14:04:35.756" level="INFO">Clicking element 'xpath=//label[text()='Institutional Members ']'.</msg>
<status status="PASS" starttime="20220210 14:04:35.755" endtime="20220210 14:04:37.738"/>
</kw>
<kw name="Click Element" library="SeleniumLibrary">
<arg>xpath=//label[text()='Education and Training ']</arg>
<doc>Click the element identified by ``locator``.</doc>
<msg timestamp="20220210 14:04:37.741" level="INFO">Clicking element 'xpath=//label[text()='Education and Training ']'.</msg>
<status status="PASS" starttime="20220210 14:04:37.739" endtime="20220210 14:04:38.938"/>
</kw>
<kw name="Click Element" library="SeleniumLibrary">
<arg>xpath=//label[text()='Telecom Services ']</arg>
<doc>Click the element identified by ``locator``.</doc>
<msg timestamp="20220210 14:04:38.940" level="INFO">Clicking element 'xpath=//label[text()='Telecom Services ']'.</msg>
<status status="PASS" starttime="20220210 14:04:38.939" endtime="20220210 14:04:39.882"/>
</kw>
<kw name="Click Element" library="SeleniumLibrary">
<arg>xpath=//a[text()='Calculate Membership Fee']</arg>
<doc>Click the element identified by ``locator``.</doc>
<msg timestamp="20220210 14:04:39.885" level="INFO">Clicking element 'xpath=//a[text()='Calculate Membership Fee']'.</msg>
<status status="PASS" starttime="20220210 14:04:39.884" endtime="20220210 14:04:43.173"/>
</kw>
<kw name="Handle Alert" library="SeleniumLibrary">
<var>${alert_text}</var>
<arg>action=ACCEPT</arg>
<doc>Handles the current alert and returns its message.</doc>
<msg timestamp="20220210 14:04:43.177" level="INFO">HANDLE::&lt;class 'NoneType'&gt;::None</msg>
<msg timestamp="20220210 14:04:43.432" level="INFO">${alert_text} = Please enter amount in digit and greater than zero.</msg>
<status status="PASS" starttime="20220210 14:04:43.175" endtime="20220210 14:04:43.432"/>
</kw>
<kw name="Log To Console" library="BuiltIn">
<arg>${alert_text}</arg>
<doc>Logs the given message to the console.</doc>
<status status="PASS" starttime="20220210 14:04:43.433" endtime="20220210 14:04:43.436"/>
</kw>
<kw name="Close Browser" library="SeleniumLibrary">
<doc>Closes the current browser.</doc>
<status status="PASS" starttime="20220210 14:04:43.437" endtime="20220210 14:04:49.733"/>
</kw>
<status status="PASS" starttime="20220210 14:03:45.958" endtime="20220210 14:04:49.734"/>
</test>
<status status="PASS" starttime="20220210 14:03:45.260" endtime="20220210 14:04:49.736"/>
</suite>
<status status="PASS" starttime="20220210 14:03:45.256" endtime="20220210 14:04:49.741"/>
</suite>
<status status="PASS" starttime="20220210 14:03:45.198" endtime="20220210 14:04:49.745"/>
</suite>
<statistics>
<total>
<stat pass="1" fail="0" skip="0">All Tests</stat>
</total>
<tag>
</tag>
<suite>
<stat pass="1" fail="0" skip="0" id="s1" name="Robotic Project">Robotic Project</stat>
<stat pass="1" fail="0" skip="0" id="s1-s1" name="Selenium Suit">Robotic Project.Selenium Suit</stat>
<stat pass="1" fail="0" skip="0" id="s1-s1-s1" name="Nasscom Membership">Robotic Project.Selenium Suit.Nasscom Membership</stat>
</suite>
</statistics>
<errors>
</errors>
</robot>
